[2020-11-26T14:45:13.909] [DEBUG] cheese - login => username:123456,password:123456
[2020-11-26T14:45:13.911] [DEBUG] cheese - 123456
[2020-11-26T14:45:13.917] [DEBUG] cheese - null
[2020-11-26T14:45:13.917] [DEBUG] cheese - null
[2020-11-26T14:45:27.695] [DEBUG] cheese - login => username:admin,password:123456
[2020-11-26T14:45:27.695] [DEBUG] cheese - admin
[2020-11-26T14:45:27.698] [DEBUG] cheese - null
[2020-11-26T14:45:27.698] [DEBUG] cheese - null
[2020-11-26T14:46:07.813] [DEBUG] cheese - login => username:admin,password:123456
[2020-11-26T14:46:07.813] [DEBUG] cheese - admin
[2020-11-26T14:46:07.815] [DEBUG] cheese - null
[2020-11-26T14:46:07.815] [DEBUG] cheese - null
[2020-11-26T14:46:46.123] [DEBUG] cheese - login => username:admin,password:123456
[2020-11-26T14:46:46.124] [DEBUG] cheese - admin
[2020-11-26T14:46:46.125] [DEBUG] cheese - null
[2020-11-26T14:46:46.126] [DEBUG] cheese - null
[2020-11-26T14:46:50.310] [DEBUG] cheese - login => username:admin,password:1234567
[2020-11-26T14:46:50.310] [DEBUG] cheese - admin
[2020-11-26T14:46:50.312] [DEBUG] cheese - null
[2020-11-26T14:46:50.313] [DEBUG] cheese - null
[2020-11-26T16:44:40.482] [DEBUG] cheese - login => username:admin,password:123456
[2020-11-26T16:44:40.482] [DEBUG] cheese - admin
[2020-11-26T16:44:40.485] [DEBUG] cheese - null
[2020-11-26T16:44:40.485] [DEBUG] cheese - null
[2020-11-26T16:44:52.436] [DEBUG] cheese - login => username:admin,password:123456
[2020-11-26T16:44:52.436] [DEBUG] cheese - admin
[2020-11-26T16:44:52.438] [DEBUG] cheese - null
[2020-11-26T16:44:52.438] [DEBUG] cheese - null
[2020-11-26T16:45:37.989] [DEBUG] cheese - login => username:admin,password:123456
[2020-11-26T16:45:37.990] [DEBUG] cheese - admin
[2020-11-26T16:45:37.991] [DEBUG] cheese - null
[2020-11-26T16:45:37.991] [DEBUG] cheese - null
[2020-11-26T16:46:46.314] [DEBUG] cheese - login => username:admin,password:123456
[2020-11-26T16:46:46.314] [DEBUG] cheese - admin
[2020-11-26T16:46:46.316] [DEBUG] cheese - null
[2020-11-26T16:46:46.316] [DEBUG] cheese - null
[2020-11-26T16:46:54.245] [DEBUG] cheese - login => username:admin,password:123456
[2020-11-26T16:46:54.245] [DEBUG] cheese - admin
[2020-11-26T16:46:54.246] [DEBUG] cheese - null
[2020-11-26T16:46:54.246] [DEBUG] cheese - null
[2020-11-26T16:47:19.131] [DEBUG] cheese - login => username:admin,password:123456
[2020-11-26T16:47:19.131] [DEBUG] cheese - admin
[2020-11-26T16:47:19.133] [DEBUG] cheese - null
[2020-11-26T16:47:19.133] [DEBUG] cheese - null
[2020-11-26T16:49:32.488] [DEBUG] cheese - login => username:adminadminadminadminadmin,password:123456
[2020-11-26T16:49:32.488] [DEBUG] cheese - adminadminadminadminadmin
[2020-11-26T16:49:32.490] [DEBUG] cheese - null
[2020-11-26T16:49:32.491] [DEBUG] cheese - null
[2020-11-26T16:49:40.584] [DEBUG] cheese - login => username:admin,password:123456
[2020-11-26T16:49:40.584] [DEBUG] cheese - admin
[2020-11-26T16:49:40.586] [DEBUG] cheese - null
[2020-11-26T16:49:40.587] [DEBUG] cheese - null
[2020-11-26T16:50:20.895] [DEBUG] cheese - login => username:admin,password:123456f
[2020-11-26T16:50:20.895] [DEBUG] cheese - admin
[2020-11-26T16:50:20.897] [DEBUG] cheese - null
[2020-11-26T16:50:20.897] [DEBUG] cheese - null
[2020-11-26T16:50:50.629] [DEBUG] cheese - login => username:admin,password:123456a
[2020-11-26T16:50:50.629] [DEBUG] cheese - admin
[2020-11-26T16:50:50.630] [DEBUG] cheese - null
[2020-11-26T16:50:50.630] [DEBUG] cheese - null
[2020-11-26T16:50:54.442] [DEBUG] cheese - login => username:admina,password:123456a
[2020-11-26T16:50:54.442] [DEBUG] cheese - admina
[2020-11-26T16:50:54.443] [DEBUG] cheese - null
[2020-11-26T16:50:54.444] [DEBUG] cheese - null
[2020-11-26T16:50:57.745] [DEBUG] cheese - login => username:admina,password:123456a
[2020-11-26T16:50:57.746] [DEBUG] cheese - admina
[2020-11-26T16:50:57.747] [DEBUG] cheese - null
[2020-11-26T16:50:57.747] [DEBUG] cheese - null
[2020-11-26T16:50:57.915] [DEBUG] cheese - login => username:admina,password:123456a
[2020-11-26T16:50:57.915] [DEBUG] cheese - admina
[2020-11-26T16:50:57.917] [DEBUG] cheese - null
[2020-11-26T16:50:57.917] [DEBUG] cheese - null
[2020-11-26T16:50:58.081] [DEBUG] cheese - login => username:admina,password:123456a
[2020-11-26T16:50:58.081] [DEBUG] cheese - admina
[2020-11-26T16:50:58.082] [DEBUG] cheese - null
[2020-11-26T16:50:58.082] [DEBUG] cheese - null
[2020-11-26T16:50:58.249] [DEBUG] cheese - login => username:admina,password:123456a
[2020-11-26T16:50:58.249] [DEBUG] cheese - admina
[2020-11-26T16:50:58.251] [DEBUG] cheese - null
[2020-11-26T16:50:58.251] [DEBUG] cheese - null
[2020-11-26T16:50:58.424] [DEBUG] cheese - login => username:admina,password:123456a
[2020-11-26T16:50:58.424] [DEBUG] cheese - admina
[2020-11-26T16:50:58.426] [DEBUG] cheese - null
[2020-11-26T16:50:58.426] [DEBUG] cheese - null
[2020-11-26T16:50:58.584] [DEBUG] cheese - login => username:admina,password:123456a
[2020-11-26T16:50:58.584] [DEBUG] cheese - admina
[2020-11-26T16:50:58.585] [DEBUG] cheese - null
[2020-11-26T16:50:58.586] [DEBUG] cheese - null
[2020-11-26T16:54:30.344] [DEBUG] cheese - login => username:admin,password:123456
[2020-11-26T16:54:30.344] [DEBUG] cheese - admin
[2020-11-26T16:54:30.348] [DEBUG] cheese - null
[2020-11-26T16:54:30.349] [DEBUG] cheese - null
[2020-11-26T17:04:25.734] [DEBUG] cheese - login => username:admin,password:123456
[2020-11-26T17:04:25.734] [DEBUG] cheese - admin
[2020-11-26T17:04:25.737] [DEBUG] cheese - null
[2020-11-26T17:04:25.737] [DEBUG] cheese - null
[2020-11-26T17:05:51.938] [DEBUG] cheese - login => username:admin,password:123456
[2020-11-26T17:05:51.938] [DEBUG] cheese - admin
[2020-11-26T17:05:51.939] [DEBUG] cheese - null
[2020-11-26T17:05:51.940] [DEBUG] cheese - null
[2020-11-26T17:06:55.177] [DEBUG] cheese - login => username:admin,password:123456
[2020-11-26T17:06:55.178] [DEBUG] cheese - admin
[2020-11-26T17:06:55.179] [DEBUG] cheese - null
[2020-11-26T17:06:55.179] [DEBUG] cheese - null
[2020-11-26T17:14:04.822] [DEBUG] cheese - login => username:admin,password:123456
[2020-11-26T17:14:04.823] [DEBUG] cheese - admin
[2020-11-26T17:14:04.826] [DEBUG] cheese - null
[2020-11-26T17:14:04.826] [DEBUG] cheese - null
[2020-11-26T17:28:18.578] [DEBUG] cheese - login => username:admin,password:123456
[2020-11-26T17:28:18.578] [DEBUG] cheese - admin
[2020-11-26T17:28:18.582] [DEBUG] cheese - null
[2020-11-26T17:28:18.582] [DEBUG] cheese - null
[2020-11-26T17:29:03.395] [DEBUG] cheese - login => username:admin,password:123456
[2020-11-26T17:29:03.395] [DEBUG] cheese - admin
[2020-11-26T17:29:03.396] [DEBUG] cheese - null
[2020-11-26T17:29:03.396] [DEBUG] cheese - null
[2020-11-26T17:29:06.452] [DEBUG] cheese - login => username:admin,password:123456
[2020-11-26T17:29:06.452] [DEBUG] cheese - admin
[2020-11-26T17:29:06.453] [DEBUG] cheese - null
[2020-11-26T17:29:06.454] [DEBUG] cheese - null
[2020-11-26T17:29:08.984] [DEBUG] cheese - login => username:admin,password:123456
[2020-11-26T17:29:08.984] [DEBUG] cheese - admin
[2020-11-26T17:29:08.985] [DEBUG] cheese - null
[2020-11-26T17:29:08.985] [DEBUG] cheese - null
[2020-11-26T17:50:47.826] [DEBUG] cheese - login => username:admin,password:123456
[2020-11-26T17:50:47.826] [DEBUG] cheese - admin
[2020-11-26T17:50:47.830] [DEBUG] cheese - null
[2020-11-26T17:50:47.830] [DEBUG] cheese - null
[2020-11-26T17:50:51.410] [DEBUG] cheese - login => username:admin,password:123456
[2020-11-26T17:50:51.411] [DEBUG] cheese - admin
[2020-11-26T17:50:51.412] [DEBUG] cheese - null
[2020-11-26T17:50:51.412] [DEBUG] cheese - null
[2020-11-26T18:16:20.825] [DEBUG] cheese - login => username:admin,password:123456
[2020-11-26T18:16:20.825] [DEBUG] cheese - admin
[2020-11-26T18:16:20.828] [DEBUG] cheese - null
[2020-11-26T18:16:20.828] [DEBUG] cheese - null
[2020-11-26T18:31:02.495] [DEBUG] cheese - login => username:admin,password:123456
[2020-11-26T18:31:02.496] [DEBUG] cheese - admin
[2020-11-26T18:31:02.500] [DEBUG] cheese - null
[2020-11-26T18:31:02.500] [DEBUG] cheese - null
[2020-11-26T18:32:33.998] [DEBUG] cheese - login => username:admin,password:123456
[2020-11-26T18:32:33.998] [DEBUG] cheese - admin
[2020-11-26T18:32:33.999] [DEBUG] cheese - null
[2020-11-26T18:32:33.999] [DEBUG] cheese - null
[2020-11-26T19:03:22.694] [DEBUG] cheese - login => username:admin,password:123456
[2020-11-26T19:03:22.694] [DEBUG] cheese - admin
[2020-11-26T19:03:22.697] [DEBUG] cheese - null
[2020-11-26T19:03:22.697] [DEBUG] cheese - null
[2020-11-26T19:04:18.357] [DEBUG] cheese - login => username:admin,password:123456
[2020-11-26T19:04:18.357] [DEBUG] cheese - admin
[2020-11-26T19:04:18.359] [DEBUG] cheese - null
[2020-11-26T19:04:18.359] [DEBUG] cheese - null
[2020-11-26T19:06:17.519] [DEBUG] cheese - login => username:admin,password:123456
[2020-11-26T19:06:17.519] [DEBUG] cheese - admin
[2020-11-26T19:06:17.520] [DEBUG] cheese - null
[2020-11-26T19:06:17.520] [DEBUG] cheese - null
[2020-11-26T19:06:23.986] [DEBUG] cheese - login => username:admin,password:123456
[2020-11-26T19:06:23.986] [DEBUG] cheese - admin
[2020-11-26T19:06:23.987] [DEBUG] cheese - null
[2020-11-26T19:06:23.987] [DEBUG] cheese - null
[2021-02-07T16:22:50.005] [DEBUG] cheese - login => username:admin,password:123456
[2021-02-07T16:22:50.006] [DEBUG] cheese - admin
[2021-02-07T16:22:50.009] [DEBUG] cheese - null
[2021-02-07T16:22:50.009] [DEBUG] cheese - null
[2021-02-08T10:00:55.945] [DEBUG] cheese - login => username:admin,password:123456
[2021-02-08T10:00:55.946] [DEBUG] cheese - admin
[2021-02-08T10:00:55.959] [DEBUG] cheese - null
[2021-02-08T10:00:55.959] [DEBUG] cheese - null
[2021-02-08T10:09:32.822] [DEBUG] cheese - login => username:admin,password:123456
[2021-02-08T10:09:32.822] [DEBUG] cheese - admin
[2021-02-08T10:09:32.823] [DEBUG] cheese - null
[2021-02-08T10:09:32.824] [DEBUG] cheese - null
[2021-02-23T10:45:27.676] [DEBUG] cheese - login => username:admin,password:123456
[2021-02-23T10:45:27.677] [DEBUG] cheese - admin
[2021-02-23T10:45:27.740] [DEBUG] cheese - null
[2021-02-23T10:45:27.741] [DEBUG] cheese - null
